{
    "WHITE": "Random",
    "BLACK": "mconner",
    "WINNER": "draw",
    "CONFIG": "Mini",
    "STARTING_POS": {
        "a6": "k",
        "b6": "f",
        "c6": "r",
        "d6": "n",
        "e6": "q",
        "f6": "n",
        "a5": "p",
        "b5": "p",
        "c5": "p",
        "d5": "p",
        "e5": "p",
        "f5": "p",
        "a2": "P",
        "b2": "P",
        "c2": "P",
        "d2": "P",
        "e2": "P",
        "f2": "P",
        "a1": "K",
        "b1": "F",
        "c1": "R",
        "d1": "N",
        "e1": "Q",
        "f1": "N"
    },
    "MOVES": [
        [
            "e2",
            "e3"
        ],
        [
            "f5",
            "f3"
        ],
        [
            "e3",
            "e4"
        ],
        [
            "d6",
            "c4"
        ],
        [
            "b2",
            "b4"
        ],
        [
            "e6",
            "f5"
        ],
        [
            "d1",
            "c3"
        ],
        [
            "c4",
            "d2"
        ],
        [
            "b1",
            "d1"
        ],
        [
            "d2",
            "f1"
        ],
        [
            "d1",
            "b3"
        ],
        [
            "d5",
            "e4"
        ],
        [
            "e1",
            "d1"
        ],
        [
            "c5",
            "b4"
        ],
        [
            "d1",
            "d2"
        ],
        [
            "f1",
            "d2"
        ],
        [
            "a1",
            "b2"
        ],
        [
            "b4",
            "c3"
        ],
        [
            "b2",
            "a3"
        ],
        [
            "d2",
            "b3"
        ],
        [
            "a2",
            "b3"
        ],
        [
            "c6",
            "d6"
        ],
        [
            "c1",
            "b1"
        ],
        [
            "b5",
            "b4"
        ],
        [
            "a3",
            "a2"
        ],
        [
            "d6",
            "d5"
        ],
        [
            "b1",
            "a1"
        ],
        [
            "d5",
            "d6"
        ],
        [
            "a1",
            "c1"
        ],
        [
            "a5",
            "a4"
        ],
        [
            "a2",
            "a1"
        ],
        [
            "a4",
            "b3"
        ],
        [
            "c2",
            "b3"
        ],
        [
            "d6",
            "d2"
        ],
        [
            "a1",
            "b1"
        ],
        [
            "d2",
            "f2"
        ],
        [
            "c1",
            "f1"
        ],
        [
            "f2",
            "f1"
        ],
        [
            "b1",
            "c2"
        ],
        [
            "a6",
            "a5"
        ]
    ],
    "TIMES": [
        null,
        null,
        null,
        null,
        null,
        null,
        null,
        null,
        null,
        null,
        null,
        null,
        null,
        null,
        null,
        null,
        null,
        null,
        null,
        null,
        null,
        null,
        null,
        null,
        null,
        null,
        null,
        null,
        null,
        null,
        null,
        null,
        null,
        null,
        null,
        null,
        null,
        null,
        null,
        null
    ],
    "RECORD": ""
}